<?xml version="1.0" encoding="UTF-8"?>
<!-- Generated by org.testng.reporters.JUnitXMLReporter -->
<testsuite ignored="4" hostname="MRUTUNJAY" failures="0" tests="6" name="Test" time="65.819" errors="0" timestamp="2023-04-30T15:37:28 IST">
  <testcase classname="com.baseclass.BaseClass" name="setDesiredCapabilities" time="25.873"/>
  <testcase classname="com.testcase.HomePageValidationTestcase" name="validateHomepage" time="5.024"/>
  <testcase classname="com.baseclass.BaseClass" name="setDesiredCapabilities" time="19.608"/>
  <testcase classname="com.testcase.AnimationTestCase" name="validateBouncingBalls" time="7.97"/>
  <testcase classname="com.testcase.AnimationTestCase" name="validateCloning" time="3.494"/>
  <testcase classname="com.testcase.AnimationTestCase" name="validateCustomEvalator" time="3.728"/>
  <testcase classname="com.testcase.AnimationTestCase" name="validateDefaultLayoutAnimation" time="0.0">
    <ignored/>
  </testcase> <!-- validateDefaultLayoutAnimation -->
  <testcase classname="com.testcase.AnimationTestCase" name="validateHideShowAnimation" time="0.0">
    <ignored/>
  </testcase> <!-- validateHideShowAnimation -->
  <testcase classname="com.testcase.AnimationTestCase" name="validateEvents" time="0.0">
    <ignored/>
  </testcase> <!-- validateEvents -->
  <testcase classname="com.testcase.AnimationTestCase" name="validate" time="0.0">
    <ignored/>
  </testcase> <!-- validate -->
</testsuite> <!-- Test -->
