<?xml version="1.0" encoding="UTF-8"?>
<testng-results ignored="0" total="1" passed="1" failed="0" skipped="0">
  <reporter-output>
  </reporter-output>
  <suite started-at="2023-03-18T15:15:58 IST" name="Default suite" finished-at="2023-03-18T15:17:12 IST" duration-ms="73270">
    <groups>
    </groups>
    <test started-at="2023-03-18T15:15:58 IST" name="Default test" finished-at="2023-03-18T15:17:12 IST" duration-ms="73270">
      <class name="appium.appiumtest">
        <test-method is-config="true" signature="setUp()[pri:0, instance:appium.appiumtest@661972b0]" started-at="2023-03-18T15:15:58 IST" name="setUp" finished-at="2023-03-18T15:16:24 IST" duration-ms="25102" status="PASS">
          <reporter-output>
          </reporter-output>
        </test-method> <!-- setUp -->
        <test-method signature="sampleTest()[pri:0, instance:appium.appiumtest@661972b0]" started-at="2023-03-18T15:16:24 IST" name="sampleTest" finished-at="2023-03-18T15:17:12 IST" duration-ms="48060" status="PASS">
          <reporter-output>
          </reporter-output>
        </test-method> <!-- sampleTest -->
        <test-method is-config="true" signature="tearDown()[pri:0, instance:appium.appiumtest@661972b0]" started-at="2023-03-18T15:17:12 IST" name="tearDown" finished-at="2023-03-18T15:17:12 IST" duration-ms="1" status="PASS">
          <reporter-output>
          </reporter-output>
        </test-method> <!-- tearDown -->
      </class> <!-- appium.appiumtest -->
    </test> <!-- Default test -->
  </suite> <!-- Default suite -->
</testng-results>
